<?xml version="1.0" encoding="UTF-8"?>
<!-- Generated by org.testng.reporters.JUnitXMLReporter -->
<testsuite ignored="0" hostname="KALAI" failures="1" tests="1" name="Test" time="0.083" errors="0" timestamp="2025-04-03T13:30:45 IST">
  <testcase classname="DataDrivenTesting.ReadRunTimeParameterFromCmd" name="runTimeParameter" time="0.014">
    <failure type="java.lang.NullPointerException" message="Cannot invoke &amp;quot;String.contains(java.lang.CharSequence)&amp;quot; because &amp;quot;BROWSER&amp;quot; is null">
      <![CDATA[java.lang.NullPointerException: Cannot invoke "String.contains(java.lang.CharSequence)" because "BROWSER" is null
at DataDrivenTesting.ReadRunTimeParameterFromCmd.runTimeParameter(ReadRunTimeParameterFromCmd.java:29)
at java.base/java.util.ArrayList.forEach(ArrayList.java:1597)
... Removed 25 stack frames]]>
    </failure>
  </testcase> <!-- runTimeParameter -->
</testsuite> <!-- Test -->
